
ROM used:   25000/65536 (38%)
            25000/65536 (38%) including unused fragments

            3.0 Average locations per line
            23.2 Average locations per statement

RAM used:   1514/3615 (42%) at main() level
            1628/3615 (45%) worst case

Stack used: 6 worst case (4 in main + 2 for interrupts)
Stack size: 30

Lines Stmts  %   Files
----- ----- ---  -----
   61    22   2  main.c
   18     0   0  main.h
 2071     0   0  ..\..\..\..\..\..\Program Files (x86)\PICC\Devices\18F46Q10.h
   84     0   0  io.h
  373     0   0  parameters.h
   32     0   0  ..\..\..\..\..\..\Program Files (x86)\PICC\Drivers\stddef.h
 1354   359  33  ..\..\..\..\..\..\Program Files (x86)\PICC\Drivers\stdlib.h
  435   129  12  ..\..\..\..\..\..\Program Files (x86)\PICC\Drivers\string.h
   28     0   0  ..\..\..\..\..\..\Program Files (x86)\PICC\Drivers\ctype.h
  205    80   7  monitor.h
  295    54   5  ADS1220.h
 2228     0   0  ..\..\..\..\..\..\Program Files (x86)\PICC\Drivers\math.h
   96    49   5  control.h
   39     0   0  ..\..\..\..\..\..\Program Files (x86)\PICC\Drivers\stdbool.h
  139    56   5  serialport.h
  155    23   2  cmdBuffer.h
   31    10   1  pid.h
   59    24   2  eventTimer.h
  495   273  25  commandHandler.c
   82     0   0  commandHandler.h
----- -----
 8280  1079 Total

Page ROM  %  RAM    Vol Diff  Functions:
---- --- --- ---    --- ----  ----------
0     42   0    1             @delay_ms1
0     38   0    1             @delay_us1
0     68   0    0    432  3.5  IO_init
0    120   0    5    231  6.6  strcmp
0     74   0    9    266  6.5  memchr
0     56   0    5    129  4.6  strlen
0     86   0    6             @MULS1616
0    246   0   11             @MULFF
0     54   0    2             @ITOF
0    632   1   16             @ADDFF
0    352   1   14             @DIVFF
0    628   1   22   1549 12.4  strtof
0    852   2   52   2308 12.4  strtoul
0     14   0    0             @GOTOPTR
0     34   0    5             @MUL1616
0    102   0    9    216  5.5  ee_save_reg
0     82   0   11    216  5.5  ee_load_reg
0    228   0    0    522  2.4  params_save_to_ee
0    158   0    0    333  2.3  params_load_from_ee
0     54   0    0    149  3.9  params_init
0     22   0    0     67  1.2  ads_deselect_all
0     74   0    1    242  3.1  ads_select_ch
0     34   0    0    858  4.2  @goto46113
0     56   0    1    190  3.1  ads_select_block
0     22   0    2     59  2.0  ads_write_command
0     24   0    2     59  2.0  ads_write_command_block
0     26   0    2     59  2.0  ads_read_command
0     38   0    5    151  3.0  ads_write_reg
0     30   0    1     65  1.6  ads_start_conv_block
0     94   0    5    432  3.9  ads_read_data
0    106   0    6    481  2.7  ADS1220init
0    122   0   10             @FLT
0     60   0    4    858  4.2  @SFTOI
0   1302   3    4   1961  6.9  internal_monitor_task
0    134   0    4    262  3.7  sensor_monitor_interrupt_task
0     76   0    5    538  5.0  setup_external_ADCs
0    110   0    0    320  2.8  monitor_init
0     92   0    3    292  3.7  invert_voltage
0    612   1    7   1164  6.1  set_nanoDAC_outputs
0     54   0    5    858  4.2  @READBITA
0     42   0    6    858  4.2  @SPI_XFER_2_24
0     50   0    0    172  3.9  control_task
0     36   0    0    129  0.9  control_init
0    394   1    6    526  4.9  resetSERcmd
0     90   0    2    168  5.6  getNextSERReadIndex
0     18   0    0     68  1.3  setNextSERWriteIndex
0     40   0    1    858  4.2  @PUTCHAR_BIU_1
0     30   0    0    858  4.2  @GETCH_BIU_1
0     78   0    4    140  3.9  RX_isr
0     52   0    1    162  4.4  getchFromBuffer
0   1304   3    5   1712  8.3  serial_task
0     32   0    1    858  4.2  @SPRINTF
0     36   0    2    858  4.2  @PSTRINGR_1599
0     34   0    1    107  2.3  serial_init
0    212   0    0    400  4.6  TIMER1_isr
0     68   0    3     83  2.5  getRev
0     10   0    0             @const1719
0     32   0    2     83  2.5  @PSTRINGC_1608
0     68   0    3     83  2.5  getSN
0      6   0    0    525  6.7  @const1722
0    370   1    4    525  6.7  getOPchMap
0    440   1    5    634  6.9  setOPchMap
0     66   0    6    497  6.7  @WRITEBITA
0    362   1    4    497  6.7  getIPchMode
0      8   0    0             @const1733
0      8   0    0    769  7.0  @const1734
0    544   1   24    769  7.0  setIPchMode
0    744   1   11    964  7.3  getPIDvals
0     66   0    5             @FTOSD
0    148   0   13             @DIV3232
0    436   1   13             @PRINTF_L32D_1608FPFPF
0    788   2   11   1056  6.9  setPIDvals
0    314   1    8    333  6.1  getSetPoint
0    498   1    8    520  5.9  setSetPoint
0    896   2   10    978  6.3  getAllSensorCalParams
0   1134   2   11   1531  7.4  getSensorCalParam
0    974   2   11   1431  6.9  setSensorCalParam
0      6   0    1     25  1.6  getMonitorCalParam
0      6   0    1     25  1.6  setMonitorCalParam
0   1464   3   56   2657  6.7  getMonitorValue
0    256   1    9             @PRINTF_LD_1608
0      6   0    1     25  1.6  getPIDdata
0   1852   4   46   2541  7.9  getIPdata
0     44   0    3             @DIV88
0    196   0    6             @PRINTF_D_1608
0    286   1   12             @PRINTF_L32D_1608
0    298   1    8    320  6.1  getManOPvals
0    436   1    8    479  5.8  setManOPvals
0      6   0    1     25  1.6  invalidCmd
0    212   0    5    518  7.4  arg_is_float
0     80   0    2    165  4.4  is_valid_channel
0     58   0    2    189  4.9  hex_to_int
0    392   1   12    687  8.3  command_parser
0    228   0    5    256  4.0  command_handler_task
0     40   0    2             @PSTRINGR_1608
0   1234   2   17    630  3.2  MAIN
0    278   1   12             @PRINTF_L32D_1599
 Inline         0             @cinit1

Program metrics:
    Functions               76
    Statements              1079
    Comments                1496
    Volume (V)              83381
    Difficulty (D)          366.0
    Effort to implement (E) 30514995
    Time to implement (T)   470 hours, 55 minutes
    Est Delivered Bugs (B)  33
    Cyclomatic Complexity   174
    Maintainability (MI)    119

 Segment     Used  Free
-----------  ----  ----
00000-00004     6  0  
00006-00006     0  2  
00008-000BA   180  0  
000BC-0FFFE  24814  40534  



