Compiling C:\Users\aidan\Documents\GitHub\DiFCS-Controller\src\main on 20-Nov-25 at 16:35
>>> Warning 240 "C:\Users\aidan\Documents\GitHub\DiFCS-Controller\src\parameters.h" Line 338(17,20): Pointer types do not match
>>> Warning 240 "C:\Users\aidan\Documents\GitHub\DiFCS-Controller\src\parameters.h" Line 340(17,22): Pointer types do not match
>>> Warning 240 "C:\Users\aidan\Documents\GitHub\DiFCS-Controller\src\parameters.h" Line 342(17,23): Pointer types do not match
>>> Warning 240 "C:\Users\aidan\Documents\GitHub\DiFCS-Controller\src\parameters.h" Line 344(17,23): Pointer types do not match
>>> Warning 240 "C:\Users\aidan\Documents\GitHub\DiFCS-Controller\src\parameters.h" Line 346(17,26): Pointer types do not match
>>> Warning 240 "C:\Users\aidan\Documents\GitHub\DiFCS-Controller\src\parameters.h" Line 348(17,23): Pointer types do not match
>>> Warning 240 "C:\Users\aidan\Documents\GitHub\DiFCS-Controller\src\parameters.h" Line 358(17,20): Pointer types do not match
>>> Warning 240 "C:\Users\aidan\Documents\GitHub\DiFCS-Controller\src\parameters.h" Line 359(17,22): Pointer types do not match
>>> Warning 240 "C:\Users\aidan\Documents\GitHub\DiFCS-Controller\src\parameters.h" Line 360(17,23): Pointer types do not match
>>> Warning 240 "C:\Users\aidan\Documents\GitHub\DiFCS-Controller\src\parameters.h" Line 361(17,23): Pointer types do not match
>>> Warning 240 "C:\Users\aidan\Documents\GitHub\DiFCS-Controller\src\parameters.h" Line 362(17,26): Pointer types do not match
>>> Warning 240 "C:\Users\aidan\Documents\GitHub\DiFCS-Controller\src\parameters.h" Line 363(17,23): Pointer types do not match
*** Error 1 "C:\Users\aidan\Documents\GitHub\DiFCS-Controller\src\monitor.h" Line 129(1,2): Illegal C character in input file  0x80
*** Error 1 "C:\Users\aidan\Documents\GitHub\DiFCS-Controller\src\monitor.h" Line 129(1,2): Illegal C character in input file  0x00
*** Error 124 "C:\Users\aidan\Documents\GitHub\DiFCS-Controller\src\monitor.h" Line 129(126,128): Structure field name required
*** Error 1 "C:\Users\aidan\Documents\GitHub\DiFCS-Controller\src\monitor.h" Line 129(2,3): Illegal C character in input file  0x11
*** Error 1 "C:\Users\aidan\Documents\GitHub\DiFCS-Controller\src\monitor.h" Line 129(2,3): Illegal C character in input file  0x00
*** Error 1 "C:\Users\aidan\Documents\GitHub\DiFCS-Controller\src\monitor.h" Line 129(2,3): Illegal C character in input file  0x00
*** Error 1 "C:\Users\aidan\Documents\GitHub\DiFCS-Controller\src\monitor.h" Line 129(2,3): Illegal C character in input file  0xFF
*** Error 1 "C:\Users\aidan\Documents\GitHub\DiFCS-Controller\src\monitor.h" Line 129(2,3): Illegal C character in input file  0xFF
*** Error 1 "C:\Users\aidan\Documents\GitHub\DiFCS-Controller\src\monitor.h" Line 129(2,3): Illegal C character in input file  0xFF
*** Error 1 "C:\Users\aidan\Documents\GitHub\DiFCS-Controller\src\monitor.h" Line 129(2,3): Illegal C character in input file  0x00
*** Error 1 "C:\Users\aidan\Documents\GitHub\DiFCS-Controller\src\monitor.h" Line 129(2,3): Illegal C character in input file  0x06
*** Error 1 "C:\Users\aidan\Documents\GitHub\DiFCS-Controller\src\monitor.h" Line 129(2,3): Illegal C character in input file  0x00
*** Error 1 "C:\Users\aidan\Documents\GitHub\DiFCS-Controller\src\monitor.h" Line 129(2,3): Illegal C character in input file  0x00
*** Error 1 "C:\Users\aidan\Documents\GitHub\DiFCS-Controller\src\monitor.h" Line 129(2,3): Illegal C character in input file  0x00
*** Error 1 "C:\Users\aidan\Documents\GitHub\DiFCS-Controller\src\monitor.h" Line 129(2,3): Illegal C character in input file  0x00
*** Error 1 "C:\Users\aidan\Documents\GitHub\DiFCS-Controller\src\monitor.h" Line 129(2,3): Illegal C character in input file  0x00
*** Error 1 "C:\Users\aidan\Documents\GitHub\DiFCS-Controller\src\monitor.h" Line 129(2,3): Illegal C character in input file  0x00
*** Error 1 "C:\Users\aidan\Documents\GitHub\DiFCS-Controller\src\monitor.h" Line 129(2,3): Illegal C character in input file  0x00
*** Error 1 "C:\Users\aidan\Documents\GitHub\DiFCS-Controller\src\monitor.h" Line 129(9,10): Illegal C character in input file  0xB8
*** Error 1 "C:\Users\aidan\Documents\GitHub\DiFCS-Controller\src\monitor.h" Line 129(9,10): Illegal C character in input file  0x97
*** Error 1 "C:\Users\aidan\Documents\GitHub\DiFCS-Controller\src\monitor.h" Line 129(12,13): Illegal C character in input file  0x8D
*** Error 1 "C:\Users\aidan\Documents\GitHub\DiFCS-Controller\src\monitor.h" Line 129(12,13): Illegal C character in input file  0x1E
*** Error 1 "C:\Users\aidan\Documents\GitHub\DiFCS-Controller\src\monitor.h" Line 129(12,13): Illegal C character in input file  0xB6
*** Error 1 "C:\Users\aidan\Documents\GitHub\DiFCS-Controller\src\monitor.h" Line 129(15,16): Illegal C character in input file  0xE6
*** Error 1 "C:\Users\aidan\Documents\GitHub\DiFCS-Controller\src\monitor.h" Line 129(15,16): Illegal C character in input file  0x40
*** Error 1 "C:\Users\aidan\Documents\GitHub\DiFCS-Controller\src\monitor.h" Line 129(15,16): Illegal C character in input file  0x00
*** Error 1 "C:\Users\aidan\Documents\GitHub\DiFCS-Controller\src\monitor.h" Line 129(15,16): Illegal C character in input file  0x00
*** Error 1 "C:\Users\aidan\Documents\GitHub\DiFCS-Controller\src\monitor.h" Line 129(15,16): Illegal C character in input file  0x00
*** Error 1 "C:\Users\aidan\Documents\GitHub\DiFCS-Controller\src\monitor.h" Line 129(15,16): Illegal C character in input file  0x00
*** Error 1 "C:\Users\aidan\Documents\GitHub\DiFCS-Controller\src\monitor.h" Line 129(15,16): Illegal C character in input file  0x00
*** Error 1 "C:\Users\aidan\Documents\GitHub\DiFCS-Controller\src\monitor.h" Line 129(15,16): Illegal C character in input file  0x00
*** Error 1 "C:\Users\aidan\Documents\GitHub\DiFCS-Controller\src\monitor.h" Line 129(15,16): Illegal C character in input file  0x00
*** Error 1 "C:\Users\aidan\Documents\GitHub\DiFCS-Controller\src\monitor.h" Line 129(15,16): Illegal C character in input file  0x00
*** Error 1 "C:\Users\aidan\Documents\GitHub\DiFCS-Controller\src\monitor.h" Line 129(15,16): Illegal C character in input file  0x94
*** Error 1 "C:\Users\aidan\Documents\GitHub\DiFCS-Controller\src\monitor.h" Line 129(15,16): Illegal C character in input file  0x06
*** Error 1 "C:\Users\aidan\Documents\GitHub\DiFCS-Controller\src\monitor.h" Line 129(15,16): Illegal C character in input file  0x00
*** Error 1 "C:\Users\aidan\Documents\GitHub\DiFCS-Controller\src\monitor.h" Line 129(15,16): Illegal C character in input file  0x00
*** Error 1 "C:\Users\aidan\Documents\GitHub\DiFCS-Controller\src\monitor.h" Line 129(15,16): Illegal C character in input file  0xB0
*** Error 1 "C:\Users\aidan\Documents\GitHub\DiFCS-Controller\src\monitor.h" Line 129(15,16): Illegal C character in input file  0xD7
*** Error 1 "C:\Users\aidan\Documents\GitHub\DiFCS-Controller\src\monitor.h" Line 129(15,16): Illegal C character in input file  0x01
*** Error 1 "C:\Users\aidan\Documents\GitHub\DiFCS-Controller\src\monitor.h" Line 129(15,16): Illegal C character in input file  0x00
*** Error 1 "C:\Users\aidan\Documents\GitHub\DiFCS-Controller\src\monitor.h" Line 129(15,16): Illegal C character in input file  0x80
*** Error 1 "C:\Users\aidan\Documents\GitHub\DiFCS-Controller\src\monitor.h" Line 129(15,16): Illegal C character in input file  0x00
*** Error 1 "C:\Users\aidan\Documents\GitHub\DiFCS-Controller\src\monitor.h" Line 129(15,16): Illegal C character in input file  0x00
*** Error 1 "C:\Users\aidan\Documents\GitHub\DiFCS-Controller\src\monitor.h" Line 129(15,16): Illegal C character in input file  0x00
*** Error 1 "C:\Users\aidan\Documents\GitHub\DiFCS-Controller\src\monitor.h" Line 129(15,16): Illegal C character in input file  0x00
*** Error 1 "C:\Users\aidan\Documents\GitHub\DiFCS-Controller\src\monitor.h" Line 129(15,16): Illegal C character in input file  0x00
*** Error 1 "C:\Users\aidan\Documents\GitHub\DiFCS-Controller\src\monitor.h" Line 129(15,16): Illegal C character in input file  0x00
*** Error 1 "C:\Users\aidan\Documents\GitHub\DiFCS-Controller\src\monitor.h" Line 129(15,16): Illegal C character in input file  0x00
*** Error 1 "C:\Users\aidan\Documents\GitHub\DiFCS-Controller\src\monitor.h" Line 129(15,16): Illegal C character in input file  0x00
*** Error 1 "C:\Users\aidan\Documents\GitHub\DiFCS-Controller\src\monitor.h" Line 129(15,16): Illegal C character in input file  0x00
*** Error 1 "C:\Users\aidan\Documents\GitHub\DiFCS-Controller\src\monitor.h" Line 129(15,16): Illegal C character in input file  0x00
*** Error 1 "C:\Users\aidan\Documents\GitHub\DiFCS-Controller\src\monitor.h" Line 129(15,16): Illegal C character in input file  0x00
*** Error 1 "C:\Users\aidan\Documents\GitHub\DiFCS-Controller\src\monitor.h" Line 129(15,16): Illegal C character in input file  0xB8
*** Error 1 "C:\Users\aidan\Documents\GitHub\DiFCS-Controller\src\monitor.h" Line 129(15,16): Illegal C character in input file  0x01 after \
*** Error 1 "C:\Users\aidan\Documents\GitHub\DiFCS-Controller\src\monitor.h" Line 129(15,16): Illegal C character in input file  0x01
*** Error 1 "C:\Users\aidan\Documents\GitHub\DiFCS-Controller\src\monitor.h" Line 129(15,16): Illegal C character in input file  0x05
*** Error 1 "C:\Users\aidan\Documents\GitHub\DiFCS-Controller\src\monitor.h" Line 129(15,16): Illegal C character in input file  0x40
*** Error 1 "C:\Users\aidan\Documents\GitHub\DiFCS-Controller\src\monitor.h" Line 129(25,26): Illegal C character in input file  0xCE
*** Error 1 "C:\Users\aidan\Documents\GitHub\DiFCS-Controller\src\monitor.h" Line 129(25,26): Illegal C character in input file  0x04
*** Error 1 "C:\Users\aidan\Documents\GitHub\DiFCS-Controller\src\monitor.h" Line 129(25,26): Illegal C character in input file  0xD0
*** Error 1 "C:\Users\aidan\Documents\GitHub\DiFCS-Controller\src\monitor.h" Line 129(28,29): Illegal C character in input file  0xCE
*** Error 1 "C:\Users\aidan\Documents\GitHub\DiFCS-Controller\src\monitor.h" Line 129(28,29): Illegal C character in input file  0x04
*** Error 1 "C:\Users\aidan\Documents\GitHub\DiFCS-Controller\src\monitor.h" Line 129(28,29): Illegal C character in input file  0x00
*** Error 1 "C:\Users\aidan\Documents\GitHub\DiFCS-Controller\src\monitor.h" Line 129(28,29): Illegal C character in input file  0x00
*** Error 1 "C:\Users\aidan\Documents\GitHub\DiFCS-Controller\src\monitor.h" Line 129(28,29): Illegal C character in input file  0x00
*** Error 1 "C:\Users\aidan\Documents\GitHub\DiFCS-Controller\src\monitor.h" Line 129(28,29): Illegal C character in input file  0x00
*** Error 1 "C:\Users\aidan\Documents\GitHub\DiFCS-Controller\src\monitor.h" Line 129(28,29): Illegal C character in input file  0x90
*** Error 1 "C:\Users\aidan\Documents\GitHub\DiFCS-Controller\src\monitor.h" Line 129(31,32): Illegal C character in input file  0xCE
*** Error 1 "C:\Users\aidan\Documents\GitHub\DiFCS-Controller\src\monitor.h" Line 129(31,32): Illegal C character in input file  0x04
*** Error 1 "C:\Users\aidan\Documents\GitHub\DiFCS-Controller\src\monitor.h" Line 129(31,32): Illegal C character in input file  0x00
*** Error 1 "C:\Users\aidan\Documents\GitHub\DiFCS-Controller\src\monitor.h" Line 129(31,32): Illegal C character in input file  0x00
*** Error 1 "C:\Users\aidan\Documents\GitHub\DiFCS-Controller\src\monitor.h" Line 129(31,32): Illegal C character in input file  0x00
*** Error 1 "C:\Users\aidan\Documents\GitHub\DiFCS-Controller\src\monitor.h" Line 129(31,32): Illegal C character in input file  0x00
*** Error 1 "C:\Users\aidan\Documents\GitHub\DiFCS-Controller\src\monitor.h" Line 129(31,32): Illegal C character in input file  0x00
*** Error 1 "C:\Users\aidan\Documents\GitHub\DiFCS-Controller\src\monitor.h" Line 129(31,32): Illegal C character in input file  0x00
*** Error 1 "C:\Users\aidan\Documents\GitHub\DiFCS-Controller\src\monitor.h" Line 129(31,32): Illegal C character in input file  0x00
*** Error 1 "C:\Users\aidan\Documents\GitHub\DiFCS-Controller\src\monitor.h" Line 129(31,32): Illegal C character in input file  0x00
*** Error 1 "C:\Users\aidan\Documents\GitHub\DiFCS-Controller\src\monitor.h" Line 129(31,32): Illegal C character in input file  0x00
*** Error 1 "C:\Users\aidan\Documents\GitHub\DiFCS-Controller\src\monitor.h" Line 129(31,32): Illegal C character in input file  0x00
*** Error 1 "C:\Users\aidan\Documents\GitHub\DiFCS-Controller\src\monitor.h" Line 129(31,32): Illegal C character in input file  0x00
*** Error 1 "C:\Users\aidan\Documents\GitHub\DiFCS-Controller\src\monitor.h" Line 129(31,32): Illegal C character in input file  0x00
*** Error 1 "C:\Users\aidan\Documents\GitHub\DiFCS-Controller\src\monitor.h" Line 129(31,32): Illegal C character in input file  0x00
*** Error 1 "C:\Users\aidan\Documents\GitHub\DiFCS-Controller\src\monitor.h" Line 129(31,32): Illegal C character in input file  0x00
*** Error 1 "C:\Users\aidan\Documents\GitHub\DiFCS-Controller\src\monitor.h" Line 129(31,32): Illegal C character in input file  0x00
*** Error 1 "C:\Users\aidan\Documents\GitHub\DiFCS-Controller\src\monitor.h" Line 129(31,32): Illegal C character in input file  0x00
*** Error 1 "C:\Users\aidan\Documents\GitHub\DiFCS-Controller\src\monitor.h" Line 129(31,32): Illegal C character in input file  0x00
*** Error 1 "C:\Users\aidan\Documents\GitHub\DiFCS-Controller\src\monitor.h" Line 129(31,32): Illegal C character in input file  0x00
*** Error 1 "C:\Users\aidan\Documents\GitHub\DiFCS-Controller\src\monitor.h" Line 129(31,32): Illegal C character in input file  0x00
*** Error 1 "C:\Users\aidan\Documents\GitHub\DiFCS-Controller\src\monitor.h" Line 129(31,32): Illegal C character in input file  0x00
*** Error 1 "C:\Users\aidan\Documents\GitHub\DiFCS-Controller\src\monitor.h" Line 129(31,32): Illegal C character in input file  0x00
*** Error 1 "C:\Users\aidan\Documents\GitHub\DiFCS-Controller\src\monitor.h" Line 129(31,32): Illegal C character in input file  0x00
*** Error 1 "C:\Users\aidan\Documents\GitHub\DiFCS-Controller\src\monitor.h" Line 129(31,32): Illegal C character in input file  0x00
*** Error 1 "C:\Users\aidan\Documents\GitHub\DiFCS-Controller\src\monitor.h" Line 129(31,32): Illegal C character in input file  0x00
*** Error 1 "C:\Users\aidan\Documents\GitHub\DiFCS-Controller\src\monitor.h" Line 129(31,32): Illegal C character in input file  0x00
*** Error 1 "C:\Users\aidan\Documents\GitHub\DiFCS-Controller\src\monitor.h" Line 129(31,32): Illegal C character in input file  0x00
*** Error 1 "C:\Users\aidan\Documents\GitHub\DiFCS-Controller\src\monitor.h" Line 129(31,32): Illegal C character in input file  0x00
*** Error 1 "C:\Users\aidan\Documents\GitHub\DiFCS-Controller\src\monitor.h" Line 129(31,32): Illegal C character in input file  0x00
*** Error 1 "C:\Users\aidan\Documents\GitHub\DiFCS-Controller\src\monitor.h" Line 129(31,32): Illegal C character in input file  0x00
*** Error 1 "C:\Users\aidan\Documents\GitHub\DiFCS-Controller\src\monitor.h" Line 129(31,32): Illegal C character in input file  0x00
*** Error 1 "C:\Users\aidan\Documents\GitHub\DiFCS-Controller\src\monitor.h" Line 129(31,32): Illegal C character in input file  0x00
